<?xml version="1.0" encoding="UTF-8"?>
<testng-results ignored="0" total="1" passed="0" failed="1" skipped="0">
  <reporter-output>
  </reporter-output>
  <suite started-at="2022-12-09T09:32:10 IST" name="Suite" finished-at="2022-12-09T09:33:18 IST" duration-ms="67386">
    <groups>
    </groups>
    <test started-at="2022-12-09T09:32:10 IST" name="Test" finished-at="2022-12-09T09:33:18 IST" duration-ms="67386">
      <class name="com.amazon.testing.automation.AmazonSearchTest">
        <test-method is-config="true" signature="setup()[pri:0, instance:com.amazon.testing.automation.AmazonSearchTest@783a467b]" started-at="2022-12-09T09:32:10 IST" name="setup" finished-at="2022-12-09T09:32:56 IST" duration-ms="45834" status="PASS">
          <reporter-output>
          </reporter-output>
        </test-method> <!-- setup -->
        <test-method signature="searchTest()[pri:0, instance:com.amazon.testing.automation.AmazonSearchTest@783a467b]" started-at="2022-12-09T09:32:56 IST" name="searchTest" finished-at="2022-12-09T09:33:18 IST" duration-ms="21507" status="FAIL">
          <exception class="java.lang.AssertionError">
            <message>
              <![CDATA[The following asserts failed:
Item with cost 19990 fetched in search results expected [true] but found [false],
Item with cost 19999 fetched in search results expected [true] but found [false],
Item with cost 19990 fetched in search results expected [true] but found [false],
Item with cost 19999 fetched in search results expected [true] but found [false],
Item with cost 19990 fetched in search results expected [true] but found [false],
Item with cost 19999 fetched in search results expected [true] but found [false],
Item with cost 19990 fetched in search results expected [true] but found [false],
Item with cost 19999 fetched in search results expected [true] but found [false]]]>
            </message>
            <full-stacktrace>
              <![CDATA[java.lang.AssertionError: The following asserts failed:
Item with cost 19990 fetched in search results expected [true] but found [false],
Item with cost 19999 fetched in search results expected [true] but found [false],
Item with cost 19990 fetched in search results expected [true] but found [false],
Item with cost 19999 fetched in search results expected [true] but found [false],
Item with cost 19990 fetched in search results expected [true] but found [false],
Item with cost 19999 fetched in search results expected [true] but found [false],
Item with cost 19990 fetched in search results expected [true] but found [false],
Item with cost 19999 fetched in search results expected [true] but found [false]
at org.testng.asserts.SoftAssert.assertAll(SoftAssert.java:46)
at org.testng.asserts.SoftAssert.assertAll(SoftAssert.java:30)
at com.amazon.testing.automation.AmazonSearchTest.searchTest(AmazonSearchTest.java:54)
at java.base/jdk.internal.reflect.NativeMethodAccessorImpl.invoke0(Native Method)
at java.base/jdk.internal.reflect.NativeMethodAccessorImpl.invoke(NativeMethodAccessorImpl.java:77)
at java.base/jdk.internal.reflect.DelegatingMethodAccessorImpl.invoke(DelegatingMethodAccessorImpl.java:43)
at java.base/java.lang.reflect.Method.invoke(Method.java:568)
at org.testng.internal.invokers.MethodInvocationHelper.invokeMethod(MethodInvocationHelper.java:139)
at org.testng.internal.invokers.TestInvoker.invokeMethod(TestInvoker.java:677)
at org.testng.internal.invokers.TestInvoker.invokeTestMethod(TestInvoker.java:221)
at org.testng.internal.invokers.MethodRunner.runInSequence(MethodRunner.java:50)
at org.testng.internal.invokers.TestInvoker$MethodInvocationAgent.invoke(TestInvoker.java:962)
at org.testng.internal.invokers.TestInvoker.invokeTestMethods(TestInvoker.java:194)
at org.testng.internal.invokers.TestMethodWorker.invokeTestMethods(TestMethodWorker.java:148)
at org.testng.internal.invokers.TestMethodWorker.run(TestMethodWorker.java:128)
at java.base/java.util.ArrayList.forEach(ArrayList.java:1511)
at org.testng.TestRunner.privateRun(TestRunner.java:806)
at org.testng.TestRunner.run(TestRunner.java:601)
at org.testng.SuiteRunner.runTest(SuiteRunner.java:433)
at org.testng.SuiteRunner.runSequentially(SuiteRunner.java:427)
at org.testng.SuiteRunner.privateRun(SuiteRunner.java:387)
at org.testng.SuiteRunner.run(SuiteRunner.java:330)
at org.testng.SuiteRunnerWorker.runSuite(SuiteRunnerWorker.java:52)
at org.testng.SuiteRunnerWorker.run(SuiteRunnerWorker.java:95)
at org.testng.TestNG.runSuitesSequentially(TestNG.java:1256)
at org.testng.TestNG.runSuitesLocally(TestNG.java:1176)
at org.testng.TestNG.runSuites(TestNG.java:1099)
at org.testng.TestNG.run(TestNG.java:1067)
at org.testng.remote.AbstractRemoteTestNG.run(AbstractRemoteTestNG.java:115)
at org.testng.remote.RemoteTestNG.initAndRun(RemoteTestNG.java:251)
at org.testng.remote.RemoteTestNG.main(RemoteTestNG.java:77)
]]>
            </full-stacktrace>
          </exception> <!-- java.lang.AssertionError -->
          <reporter-output>
          </reporter-output>
        </test-method> <!-- searchTest -->
        <test-method is-config="true" signature="tearDown()[pri:0, instance:com.amazon.testing.automation.AmazonSearchTest@783a467b]" started-at="2022-12-09T09:33:18 IST" name="tearDown" finished-at="2022-12-09T09:33:18 IST" duration-ms="1" status="PASS">
          <reporter-output>
          </reporter-output>
        </test-method> <!-- tearDown -->
      </class> <!-- com.amazon.testing.automation.AmazonSearchTest -->
    </test> <!-- Test -->
  </suite> <!-- Suite -->
</testng-results>
